<?xml version="1.0" encoding="UTF-8"?>
<!-- Generated by org.testng.reporters.JUnitXMLReporter -->
<testsuite ignored="0" hostname="DESKTOP-H9C8K9D" failures="2" tests="2" name="Test" time="6.216" errors="0" timestamp="12 Jun 2019 11:20:22 GMT">
  <testcase classname="com.syntax.testcases.MercuryLoginPageTest" name="loginWithTruePass" time="0.008">
    <failure type="java.lang.Error" message="Unresolved compilation problem: 
	The method login(String, String) is undefined for the type MercuryLoginPage
">
      <![CDATA[java.lang.Error: Unresolved compilation problem: 
The method login(String, String) is undefined for the type MercuryLoginPage

at com.syntax.testcases.MercuryLoginPageTest.loginWithTruePass(MercuryLoginPageTest.java:13)
... Removed 25 stack frames]]>
    </failure>
  </testcase> <!-- loginWithTruePass -->
  <testcase classname="com.syntax.testcases.MercuryLoginPageTest" name="loginWithWrongPass" time="0.0">
    <failure type="org.testng.TestNGException" message="
Parameter &amp;apos;user&amp;apos; is required by @Test on method loginWithWrongPass but has not been marked @Optional or defined
in C:\Users\plato\eclipse-workspace\ExerciseFramework\MercuryTest.xml">
      <![CDATA[org.testng.TestNGException: 
Parameter 'user' is required by @Test on method loginWithWrongPass but has not been marked @Optional or defined
in C:\Users\plato\eclipse-workspace\ExerciseFramework\MercuryTest.xml
... Removed 24 stack frames]]>
    </failure>
  </testcase> <!-- loginWithWrongPass -->
</testsuite> <!-- Test -->
